[2018-02-01T23:36:14.357] [INFO] index - [server] [success] [message:::新建服务成功-18787]
[2018-02-01T23:36:15.561] [INFO] index - [mysql] [success] [message:::数据库连接成功-505]
[2018-02-01T23:40:21.452] [INFO] index - [server] [success] [message:::新建服务成功-18787]
[2018-02-01T23:40:21.685] [INFO] index - [mysql] [success] [message:::数据库连接成功-506]
[2018-02-01T23:45:08.653] [INFO] index - [server] [success] [message:::新建服务成功-18787]
[2018-02-01T23:45:08.877] [INFO] mysqljs - [mysql] [success] [message:::数据库连接成功-507]
[2018-02-01T23:45:18.084] [INFO] mysqljs - [mysql] [success] [sql:::INSERT INTO info_plan(id,task_id,start_date,end_date,plan,day,remarks,spend) VALUES(0,1000000036,'22:50','22:50','12345',1,'1234','12')]
[2018-02-01T23:45:18.344] [INFO] mysqljs - [mysql] [success] [sql:::SELECT * FROM info_plan where task_id=1000000036 and day=1]
[2018-02-01T23:45:18.345] [DEBUG] index - [api] [success] [url:::/api/restful/list/v0.1/info_plan?task_id=1000000036&day=1] [query:::{"task_id":"1000000036","day":"1"}]
[2018-02-02T08:54:09.888] [INFO] index - [server] [success] [message:::新建服务成功-18787]
[2018-02-02T08:54:10.098] [INFO] mysqljs - [mysql] [success] [message:::数据库连接成功-521]
[2018-02-02T08:57:15.641] [INFO] index - [server] [success] [message:::新建服务成功-18787]
[2018-02-02T08:57:15.805] [INFO] mysqljs - [mysql] [success] [message:::数据库连接成功-522]
[2018-02-02T09:05:13.848] [ERROR] mysqljs - [mysql] [error] [sql:::SELECT * FROM  info_task where id=1000000036] [message:::read ECONNRESET]
[2018-02-02T09:05:13.848] [INFO] mysqljs - [mysql] [success] [sql:::SELECT * FROM  info_task where id=1000000036]
[2018-02-02T09:05:13.849] [ERROR] index - [api] [error] [url:::/api/restful/info/v0.1/info_task?id=1000000036] [query:::{"id":"1000000036"}] [message:::read ECONNRESET]
[2018-02-02T09:06:07.431] [ERROR] mysqljs - [mysql] [error] [sql:::SELECT * FROM  info_task where id=1000000036] [message:::Cannot enqueue Query after fatal error.]
[2018-02-02T09:06:07.431] [INFO] mysqljs - [mysql] [success] [sql:::SELECT * FROM  info_task where id=1000000036]
[2018-02-02T09:06:07.432] [ERROR] index - [api] [error] [url:::/api/restful/info/v0.1/info_task?id=1000000036] [query:::{"id":"1000000036"}] [message:::Cannot enqueue Query after fatal error.]
[2018-02-02T09:06:10.444] [ERROR] mysqljs - [mysql] [error] [sql:::SELECT * FROM info_plan where task_id=0 and day=2] [message:::Cannot enqueue Query after fatal error.]
[2018-02-02T09:06:10.444] [INFO] mysqljs - [mysql] [success] [sql:::SELECT * FROM info_plan where task_id=0 and day=2]
[2018-02-02T09:06:10.444] [ERROR] index - [api] [error] [url:::/api/restful/list/v0.1/info_plan?task_id=0&day=2] [query:::{"task_id":"0","day":"2"}] [message:::Cannot enqueue Query after fatal error.]
[2018-02-02T09:06:44.107] [INFO] index - [server] [success] [message:::新建服务成功-18787]
[2018-02-02T09:06:44.304] [INFO] mysqljs - [mysql] [success] [message:::数据库连接成功-523]
[2018-02-02T09:06:47.061] [INFO] mysqljs - [mysql] [success] [sql:::SELECT * FROM info_plan where task_id=0 and day=1]
[2018-02-02T09:06:47.062] [DEBUG] index - [api] [success] [url:::/api/restful/list/v0.1/info_plan?task_id=0&day=1] [query:::{"task_id":"0","day":"1"}]
[2018-02-02T09:06:49.083] [INFO] mysqljs - [mysql] [success] [sql:::SELECT * FROM info_plan where task_id=0 and day=2]
[2018-02-02T09:06:49.083] [DEBUG] index - [api] [success] [url:::/api/restful/list/v0.1/info_plan?task_id=0&day=2] [query:::{"task_id":"0","day":"2"}]
[2018-02-02T09:06:50.176] [INFO] mysqljs - [mysql] [success] [sql:::SELECT * FROM info_plan where task_id=0 and day=3]
[2018-02-02T09:06:50.176] [DEBUG] index - [api] [success] [url:::/api/restful/list/v0.1/info_plan?task_id=0&day=3] [query:::{"task_id":"0","day":"3"}]
[2018-02-02T09:07:07.549] [INFO] mysqljs - [mysql] [success] [sql:::SELECT * FROM  info_task where id=1000000036]
[2018-02-02T09:07:07.549] [DEBUG] index - [api] [success] [url:::/api/restful/info/v0.1/info_task?id=1000000036] [query:::{"id":"1000000036"}]
[2018-02-02T09:07:07.649] [INFO] mysqljs - [mysql] [success] [sql:::SELECT * FROM info_plan where task_id=1000000036 and day=1]
[2018-02-02T09:07:07.649] [DEBUG] index - [api] [success] [url:::/api/restful/list/v0.1/info_plan?task_id=1000000036&day=1] [query:::{"task_id":"1000000036","day":"1"}]
[2018-02-02T09:12:12.227] [ERROR] mysqljs - [mysql] [error] [sql:::SELECT * FROM  info_task where id=1000000036] [message:::read ECONNRESET]
[2018-02-02T09:12:12.227] [INFO] mysqljs - [mysql] [success] [sql:::SELECT * FROM  info_task where id=1000000036]
[2018-02-02T09:12:12.227] [ERROR] index - [api] [error] [url:::/api/restful/info/v0.1/info_task?id=1000000036] [query:::{"id":"1000000036"}] [message:::read ECONNRESET]
[2018-02-02T09:12:32.265] [ERROR] mysqljs - [mysql] [error] [sql:::SELECT * FROM  info_task where id=1000000036] [message:::Cannot enqueue Query after fatal error.]
[2018-02-02T09:12:32.266] [INFO] mysqljs - [mysql] [success] [sql:::SELECT * FROM  info_task where id=1000000036]
[2018-02-02T09:12:32.266] [ERROR] index - [api] [error] [url:::/api/restful/info/v0.1/info_task?id=1000000036] [query:::{"id":"1000000036"}] [message:::Cannot enqueue Query after fatal error.]
[2018-02-02T09:12:38.187] [ERROR] mysqljs - [mysql] [error] [sql:::SELECT * FROM  info_task where id=1000000036] [message:::Cannot enqueue Query after fatal error.]
[2018-02-02T09:12:38.188] [INFO] mysqljs - [mysql] [success] [sql:::SELECT * FROM  info_task where id=1000000036]
[2018-02-02T09:12:38.188] [ERROR] index - [api] [error] [url:::/api/restful/info/v0.1/info_task?id=1000000036] [query:::{"id":"1000000036"}] [message:::Cannot enqueue Query after fatal error.]
[2018-02-02T09:12:39.491] [ERROR] mysqljs - [mysql] [error] [sql:::SELECT * FROM  info_task where id=1000000036] [message:::Cannot enqueue Query after fatal error.]
[2018-02-02T09:12:39.491] [INFO] mysqljs - [mysql] [success] [sql:::SELECT * FROM  info_task where id=1000000036]
[2018-02-02T09:12:39.492] [ERROR] index - [api] [error] [url:::/api/restful/info/v0.1/info_task?id=1000000036] [query:::{"id":"1000000036"}] [message:::Cannot enqueue Query after fatal error.]
[2018-02-02T09:16:36.336] [INFO] index - [server] [success] [message:::新建服务成功-18787]
[2018-02-02T09:16:36.553] [INFO] mysqljs - [mysql] [success] [message:::数据库连接成功-528]
[2018-02-02T09:17:21.477] [INFO] mysqljs - [mysql] [success] [sql:::SELECT * FROM  info_task where id=1000000036]
[2018-02-02T09:17:21.478] [DEBUG] index - [api] [success] [url:::/api/restful/info/v0.1/info_task?id=1000000036] [query:::{"id":"1000000036"}]
[2018-02-02T09:17:21.575] [INFO] mysqljs - [mysql] [success] [sql:::SELECT * FROM info_plan where task_id=1000000036 and day=1]
[2018-02-02T09:17:21.576] [DEBUG] index - [api] [success] [url:::/api/restful/list/v0.1/info_plan?task_id=1000000036&day=1] [query:::{"task_id":"1000000036","day":"1"}]
[2018-02-02T09:17:31.055] [INFO] mysqljs - [mysql] [success] [sql:::SELECT * FROM  info_task where id=1000000036]
[2018-02-02T09:17:31.056] [DEBUG] index - [api] [success] [url:::/api/restful/info/v0.1/info_task?id=1000000036] [query:::{"id":"1000000036"}]
[2018-02-02T09:17:31.150] [INFO] mysqljs - [mysql] [success] [sql:::SELECT * FROM info_plan where task_id=1000000036 and day=1]
[2018-02-02T09:17:31.152] [DEBUG] index - [api] [success] [url:::/api/restful/list/v0.1/info_plan?task_id=1000000036&day=1] [query:::{"task_id":"1000000036","day":"1"}]
[2018-02-02T09:18:02.159] [INFO] mysqljs - [mysql] [success] [sql:::SELECT * FROM  info_task where id=1000000036]
[2018-02-02T09:18:02.160] [DEBUG] index - [api] [success] [url:::/api/restful/info/v0.1/info_task?id=1000000036] [query:::{"id":"1000000036"}]
[2018-02-02T09:18:02.246] [INFO] mysqljs - [mysql] [success] [sql:::SELECT * FROM info_plan where task_id=1000000036 and day=1]
[2018-02-02T09:18:02.248] [DEBUG] index - [api] [success] [url:::/api/restful/list/v0.1/info_plan?task_id=1000000036&day=1] [query:::{"task_id":"1000000036","day":"1"}]
[2018-02-02T09:18:04.319] [INFO] mysqljs - [mysql] [success] [sql:::SELECT * FROM  info_task where id=1000000036]
[2018-02-02T09:18:04.320] [DEBUG] index - [api] [success] [url:::/api/restful/info/v0.1/info_task?id=1000000036] [query:::{"id":"1000000036"}]
[2018-02-02T09:18:04.418] [INFO] mysqljs - [mysql] [success] [sql:::SELECT * FROM info_plan where task_id=1000000036 and day=1]
[2018-02-02T09:18:04.420] [DEBUG] index - [api] [success] [url:::/api/restful/list/v0.1/info_plan?task_id=1000000036&day=1] [query:::{"task_id":"1000000036","day":"1"}]
[2018-02-02T09:18:19.096] [INFO] mysqljs - [mysql] [success] [sql:::SELECT * FROM  info_task where id=1000000036]
[2018-02-02T09:18:19.097] [DEBUG] index - [api] [success] [url:::/api/restful/info/v0.1/info_task?id=1000000036] [query:::{"id":"1000000036"}]
[2018-02-02T09:18:20.168] [INFO] mysqljs - [mysql] [success] [sql:::SELECT * FROM  info_task where id=1000000036]
[2018-02-02T09:18:20.169] [DEBUG] index - [api] [success] [url:::/api/restful/info/v0.1/info_task?id=1000000036] [query:::{"id":"1000000036"}]
[2018-02-02T09:18:20.263] [INFO] mysqljs - [mysql] [success] [sql:::SELECT * FROM info_plan where task_id=1000000036 and day=1]
[2018-02-02T09:18:20.265] [DEBUG] index - [api] [success] [url:::/api/restful/list/v0.1/info_plan?task_id=1000000036&day=1] [query:::{"task_id":"1000000036","day":"1"}]
[2018-02-02T09:19:23.399] [INFO] mysqljs - [mysql] [success] [sql:::SELECT * FROM  info_task where id=1000000036]
[2018-02-02T09:19:23.400] [DEBUG] index - [api] [success] [url:::/api/restful/info/v0.1/info_task?id=1000000036] [query:::{"id":"1000000036"}]
[2018-02-02T09:19:23.598] [INFO] mysqljs - [mysql] [success] [sql:::SELECT * FROM info_plan where task_id=1000000036 and day=1]
[2018-02-02T09:19:23.599] [DEBUG] index - [api] [success] [url:::/api/restful/list/v0.1/info_plan?task_id=1000000036&day=1] [query:::{"task_id":"1000000036","day":"1"}]
[2018-02-02T09:20:15.481] [INFO] mysqljs - [mysql] [success] [sql:::SELECT * FROM  info_task where id=1000000036]
[2018-02-02T09:20:15.482] [DEBUG] index - [api] [success] [url:::/api/restful/info/v0.1/info_task?id=1000000036] [query:::{"id":"1000000036"}]
[2018-02-02T09:20:15.567] [INFO] mysqljs - [mysql] [success] [sql:::SELECT * FROM info_plan where task_id=1000000036 and day=1]
[2018-02-02T09:20:15.570] [DEBUG] index - [api] [success] [url:::/api/restful/list/v0.1/info_plan?task_id=1000000036&day=1] [query:::{"task_id":"1000000036","day":"1"}]
[2018-02-02T09:24:26.294] [INFO] mysqljs - [mysql] [success] [sql:::SELECT * FROM  info_task where id=1000000036]
[2018-02-02T09:24:26.296] [DEBUG] index - [api] [success] [url:::/api/restful/info/v0.1/info_task?id=1000000036] [query:::{"id":"1000000036"}]
[2018-02-02T09:24:26.379] [INFO] mysqljs - [mysql] [success] [sql:::SELECT * FROM info_plan where task_id=1000000036 and day=1]
[2018-02-02T09:24:26.380] [DEBUG] index - [api] [success] [url:::/api/restful/list/v0.1/info_plan?task_id=1000000036&day=1] [query:::{"task_id":"1000000036","day":"1"}]
[2018-02-02T09:24:50.294] [INFO] mysqljs - [mysql] [success] [sql:::SELECT * FROM  info_task where id=1000000036]
[2018-02-02T09:24:50.295] [DEBUG] index - [api] [success] [url:::/api/restful/info/v0.1/info_task?id=1000000036] [query:::{"id":"1000000036"}]
[2018-02-02T09:24:50.419] [INFO] mysqljs - [mysql] [success] [sql:::SELECT * FROM info_plan where task_id=1000000036 and day=1]
[2018-02-02T09:24:50.420] [DEBUG] index - [api] [success] [url:::/api/restful/list/v0.1/info_plan?task_id=1000000036&day=1] [query:::{"task_id":"1000000036","day":"1"}]
[2018-02-02T09:25:07.203] [INFO] mysqljs - [mysql] [success] [sql:::SELECT * FROM  info_task where id=1000000036]
[2018-02-02T09:25:07.204] [DEBUG] index - [api] [success] [url:::/api/restful/info/v0.1/info_task?id=1000000036] [query:::{"id":"1000000036"}]
[2018-02-02T09:25:07.340] [INFO] mysqljs - [mysql] [success] [sql:::SELECT * FROM info_plan where task_id=1000000036 and day=1]
[2018-02-02T09:25:07.341] [DEBUG] index - [api] [success] [url:::/api/restful/list/v0.1/info_plan?task_id=1000000036&day=1] [query:::{"task_id":"1000000036","day":"1"}]
[2018-02-02T09:25:35.445] [INFO] mysqljs - [mysql] [success] [sql:::SELECT * FROM  info_task where id=1000000036]
[2018-02-02T09:25:35.448] [DEBUG] index - [api] [success] [url:::/api/restful/info/v0.1/info_task?id=1000000036] [query:::{"id":"1000000036"}]
[2018-02-02T09:25:35.546] [INFO] mysqljs - [mysql] [success] [sql:::SELECT * FROM info_plan where task_id=1000000036 and day=1]
[2018-02-02T09:25:35.547] [DEBUG] index - [api] [success] [url:::/api/restful/list/v0.1/info_plan?task_id=1000000036&day=1] [query:::{"task_id":"1000000036","day":"1"}]
[2018-02-02T09:25:50.405] [INFO] mysqljs - [mysql] [success] [sql:::SELECT * FROM  info_task where id=1000000036]
[2018-02-02T09:25:50.407] [DEBUG] index - [api] [success] [url:::/api/restful/info/v0.1/info_task?id=1000000036] [query:::{"id":"1000000036"}]
[2018-02-02T09:25:50.490] [INFO] mysqljs - [mysql] [success] [sql:::SELECT * FROM info_plan where task_id=1000000036 and day=1]
[2018-02-02T09:25:50.492] [DEBUG] index - [api] [success] [url:::/api/restful/list/v0.1/info_plan?task_id=1000000036&day=1] [query:::{"task_id":"1000000036","day":"1"}]
[2018-02-02T09:26:57.661] [INFO] mysqljs - [mysql] [success] [sql:::SELECT * FROM  info_task where id=1000000036]
[2018-02-02T09:26:57.662] [DEBUG] index - [api] [success] [url:::/api/restful/info/v0.1/info_task?id=1000000036] [query:::{"id":"1000000036"}]
[2018-02-02T09:26:57.808] [INFO] mysqljs - [mysql] [success] [sql:::SELECT * FROM info_plan where task_id=1000000036 and day=1]
[2018-02-02T09:26:57.809] [DEBUG] index - [api] [success] [url:::/api/restful/list/v0.1/info_plan?task_id=1000000036&day=1] [query:::{"task_id":"1000000036","day":"1"}]
[2018-02-02T09:27:00.641] [INFO] mysqljs - [mysql] [success] [sql:::SELECT * FROM  info_task where id=1000000036]
[2018-02-02T09:27:00.643] [DEBUG] index - [api] [success] [url:::/api/restful/info/v0.1/info_task?id=1000000036] [query:::{"id":"1000000036"}]
[2018-02-02T09:27:00.743] [INFO] mysqljs - [mysql] [success] [sql:::SELECT * FROM info_plan where task_id=1000000036 and day=1]
[2018-02-02T09:27:00.744] [DEBUG] index - [api] [success] [url:::/api/restful/list/v0.1/info_plan?task_id=1000000036&day=1] [query:::{"task_id":"1000000036","day":"1"}]
[2018-02-02T09:27:17.568] [INFO] mysqljs - [mysql] [success] [sql:::SELECT * FROM  info_task where id=1000000036]
[2018-02-02T09:27:17.569] [DEBUG] index - [api] [success] [url:::/api/restful/info/v0.1/info_task?id=1000000036] [query:::{"id":"1000000036"}]
[2018-02-02T09:27:17.685] [INFO] mysqljs - [mysql] [success] [sql:::SELECT * FROM info_plan where task_id=1000000036 and day=1]
[2018-02-02T09:27:17.687] [DEBUG] index - [api] [success] [url:::/api/restful/list/v0.1/info_plan?task_id=1000000036&day=1] [query:::{"task_id":"1000000036","day":"1"}]
[2018-02-02T09:27:24.598] [INFO] mysqljs - [mysql] [success] [sql:::SELECT * FROM  info_task where id=1000000036]
[2018-02-02T09:27:24.599] [DEBUG] index - [api] [success] [url:::/api/restful/info/v0.1/info_task?id=1000000036] [query:::{"id":"1000000036"}]
[2018-02-02T09:27:24.701] [INFO] mysqljs - [mysql] [success] [sql:::SELECT * FROM info_plan where task_id=1000000036 and day=1]
[2018-02-02T09:27:24.703] [DEBUG] index - [api] [success] [url:::/api/restful/list/v0.1/info_plan?task_id=1000000036&day=1] [query:::{"task_id":"1000000036","day":"1"}]
[2018-02-02T09:27:47.653] [INFO] mysqljs - [mysql] [success] [sql:::SELECT * FROM  info_task where id=1000000036]
[2018-02-02T09:27:47.655] [DEBUG] index - [api] [success] [url:::/api/restful/info/v0.1/info_task?id=1000000036] [query:::{"id":"1000000036"}]
[2018-02-02T09:27:47.779] [INFO] mysqljs - [mysql] [success] [sql:::SELECT * FROM info_plan where task_id=1000000036 and day=1]
[2018-02-02T09:27:47.780] [DEBUG] index - [api] [success] [url:::/api/restful/list/v0.1/info_plan?task_id=1000000036&day=1] [query:::{"task_id":"1000000036","day":"1"}]
